{"C:\\Users\\devloop\\Desktop\\challange-projects\\assetment-projects\\ist-coding-challenge-nest\\src\\app.controller.ts": {"path":"C:\\Users\\devloop\\Desktop\\challange-projects\\assetment-projects\\ist-coding-challenge-nest\\src\\app.controller.ts","statementMap":{"0":{"start":{"line":1,"column":0},"end":{"line":1,"column":73}},"1":{"start":{"line":2,"column":0},"end":{"line":2,"column":43}},"2":{"start":{"line":3,"column":0},"end":{"line":3,"column":88}},"3":{"start":{"line":8,"column":7},"end":{"line":147,"column":null}},"4":{"start":{"line":9,"column":31},"end":{"line":9,"column":43}},"5":{"start":{"line":48,"column":4},"end":{"line":48,"column":38}},"6":{"start":{"line":86,"column":4},"end":{"line":86,"column":22}},"7":{"start":{"line":124,"column":4},"end":{"line":124,"column":null}},"8":{"start":{"line":125,"column":4},"end":{"line":125,"column":24}},"9":{"start":{"line":144,"column":4},"end":{"line":144,"column":24}},"10":{"start":{"line":8,"column":13},"end":{"line":8,"column":26}},"11":{"start":{"line":47,"column":2},"end":{"line":49,"column":null}},"12":{"start":{"line":85,"column":2},"end":{"line":87,"column":null}},"13":{"start":{"line":123,"column":2},"end":{"line":126,"column":null}},"14":{"start":{"line":143,"column":2},"end":{"line":145,"column":null}},"15":{"start":{"line":8,"column":13},"end":{"line":147,"column":null}}},"fnMap":{"0":{"name":"(anonymous_4)","decl":{"start":{"line":9,"column":2},"end":{"line":9,"column":31}},"loc":{"start":{"line":9,"column":53},"end":{"line":9,"column":58}}},"1":{"name":"(anonymous_5)","decl":{"start":{"line":47,"column":2},"end":{"line":47,"column":10}},"loc":{"start":{"line":47,"column":10},"end":{"line":49,"column":3}}},"2":{"name":"(anonymous_6)","decl":{"start":{"line":85,"column":2},"end":{"line":85,"column":6}},"loc":{"start":{"line":85,"column":6},"end":{"line":87,"column":3}}},"3":{"name":"(anonymous_7)","decl":{"start":{"line":123,"column":2},"end":{"line":123,"column":9}},"loc":{"start":{"line":123,"column":45},"end":{"line":126,"column":3}}},"4":{"name":"(anonymous_8)","decl":{"start":{"line":143,"column":2},"end":{"line":143,"column":8}},"loc":{"start":{"line":143,"column":19},"end":{"line":145,"column":3}}}},"branchMap":{},"s":{"0":1,"1":1,"2":1,"3":1,"4":1,"5":1,"6":0,"7":0,"8":0,"9":0,"10":1,"11":1,"12":1,"13":1,"14":1,"15":1},"f":{"0":1,"1":1,"2":0,"3":0,"4":0},"b":{}}
,"C:\\Users\\devloop\\Desktop\\challange-projects\\assetment-projects\\ist-coding-challenge-nest\\src\\app.module.ts": {"path":"C:\\Users\\devloop\\Desktop\\challange-projects\\assetment-projects\\ist-coding-challenge-nest\\src\\app.module.ts","statementMap":{"0":{"start":{"line":1,"column":0},"end":{"line":1,"column":40}},"1":{"start":{"line":2,"column":0},"end":{"line":2,"column":49}},"2":{"start":{"line":3,"column":0},"end":{"line":3,"column":43}},"3":{"start":{"line":4,"column":0},"end":{"line":4,"column":53}},"4":{"start":{"line":11,"column":7},"end":{"line":11,"column":null}},"5":{"start":{"line":11,"column":13},"end":{"line":11,"column":22}},"6":{"start":{"line":11,"column":13},"end":{"line":11,"column":null}}},"fnMap":{},"branchMap":{},"s":{"0":0,"1":0,"2":0,"3":0,"4":0,"5":0,"6":0},"f":{},"b":{}}
,"C:\\Users\\devloop\\Desktop\\challange-projects\\assetment-projects\\ist-coding-challenge-nest\\src\\app.service.ts": {"path":"C:\\Users\\devloop\\Desktop\\challange-projects\\assetment-projects\\ist-coding-challenge-nest\\src\\app.service.ts","statementMap":{"0":{"start":{"line":1,"column":0},"end":{"line":1,"column":44}},"1":{"start":{"line":4,"column":7},"end":{"line":8,"column":null}},"2":{"start":{"line":6,"column":4},"end":{"line":6,"column":26}},"3":{"start":{"line":4,"column":13},"end":{"line":4,"column":23}},"4":{"start":{"line":4,"column":13},"end":{"line":8,"column":null}}},"fnMap":{"0":{"name":"(anonymous_1)","decl":{"start":{"line":5,"column":2},"end":{"line":5,"column":10}},"loc":{"start":{"line":5,"column":10},"end":{"line":7,"column":3}}}},"branchMap":{},"s":{"0":1,"1":1,"2":1,"3":1,"4":1},"f":{"0":1},"b":{}}
,"C:\\Users\\devloop\\Desktop\\challange-projects\\assetment-projects\\ist-coding-challenge-nest\\src\\main.ts": {"path":"C:\\Users\\devloop\\Desktop\\challange-projects\\assetment-projects\\ist-coding-challenge-nest\\src\\main.ts","statementMap":{"0":{"start":{"line":1,"column":0},"end":{"line":1,"column":43}},"1":{"start":{"line":2,"column":0},"end":{"line":2,"column":41}},"2":{"start":{"line":3,"column":0},"end":{"line":3,"column":65}},"3":{"start":{"line":6,"column":14},"end":{"line":6,"column":49}},"4":{"start":{"line":8,"column":19},"end":{"line":11,"column":32}},"5":{"start":{"line":13,"column":26},"end":{"line":13,"column":73}},"6":{"start":{"line":13,"column":32},"end":{"line":13,"column":73}},"7":{"start":{"line":14,"column":2},"end":{"line":14,"column":51}},"8":{"start":{"line":16,"column":2},"end":{"line":16,"column":45}},"9":{"start":{"line":18,"column":0},"end":{"line":18,"column":12}}},"fnMap":{"0":{"name":"bootstrap","decl":{"start":{"line":5,"column":15},"end":{"line":5,"column":24}},"loc":{"start":{"line":5,"column":24},"end":{"line":17,"column":1}}},"1":{"name":"(anonymous_1)","decl":{"start":{"line":13,"column":26},"end":{"line":13,"column":29}},"loc":{"start":{"line":13,"column":32},"end":{"line":13,"column":73}}}},"branchMap":{"0":{"loc":{"start":{"line":16,"column":19},"end":{"line":16,"column":43}},"type":"binary-expr","locations":[{"start":{"line":16,"column":19},"end":{"line":16,"column":35}},{"start":{"line":16,"column":39},"end":{"line":16,"column":43}}]}},"s":{"0":0,"1":0,"2":0,"3":0,"4":0,"5":0,"6":0,"7":0,"8":0,"9":0},"f":{"0":0,"1":0},"b":{"0":[0,0]}}
,"C:\\Users\\devloop\\Desktop\\challange-projects\\assetment-projects\\ist-coding-challenge-nest\\src\\vat-checker\\vat.module.ts": {"path":"C:\\Users\\devloop\\Desktop\\challange-projects\\assetment-projects\\ist-coding-challenge-nest\\src\\vat-checker\\vat.module.ts","statementMap":{"0":{"start":{"line":1,"column":0},"end":{"line":1,"column":40}},"1":{"start":{"line":2,"column":0},"end":{"line":2,"column":76}},"2":{"start":{"line":3,"column":0},"end":{"line":3,"column":54}},"3":{"start":{"line":4,"column":0},"end":{"line":4,"column":94}},"4":{"start":{"line":5,"column":0},"end":{"line":5,"column":90}},"5":{"start":{"line":6,"column":0},"end":{"line":6,"column":83}},"6":{"start":{"line":7,"column":0},"end":{"line":7,"column":66}},"7":{"start":{"line":8,"column":0},"end":{"line":8,"column":40}},"8":{"start":{"line":9,"column":0},"end":{"line":9,"column":46}},"9":{"start":{"line":26,"column":7},"end":{"line":26,"column":null}},"10":{"start":{"line":26,"column":13},"end":{"line":26,"column":22}},"11":{"start":{"line":26,"column":13},"end":{"line":26,"column":null}}},"fnMap":{},"branchMap":{},"s":{"0":0,"1":0,"2":0,"3":0,"4":0,"5":0,"6":0,"7":0,"8":0,"9":0,"10":0,"11":0},"f":{},"b":{}}
,"C:\\Users\\devloop\\Desktop\\challange-projects\\assetment-projects\\ist-coding-challenge-nest\\src\\vat-checker\\controllers\\vat-checker.controller.ts": {"path":"C:\\Users\\devloop\\Desktop\\challange-projects\\assetment-projects\\ist-coding-challenge-nest\\src\\vat-checker\\controllers\\vat-checker.controller.ts","statementMap":{"0":{"start":{"line":1,"column":0},"end":{"line":1,"column":71}},"1":{"start":{"line":2,"column":0},"end":{"line":2,"column":55}},"2":{"start":{"line":3,"column":0},"end":{"line":3,"column":48}},"3":{"start":{"line":4,"column":0},"end":{"line":4,"column":24}},"4":{"start":{"line":5,"column":0},"end":{"line":5,"column":84}},"5":{"start":{"line":6,"column":0},"end":{"line":6,"column":86}},"6":{"start":{"line":7,"column":0},"end":{"line":7,"column":68}},"7":{"start":{"line":13,"column":7},"end":{"line":112,"column":null}},"8":{"start":{"line":16,"column":33},"end":{"line":16,"column":52}},"9":{"start":{"line":16,"column":88},"end":{"line":16,"column":115}},"10":{"start":{"line":86,"column":53},"end":{"line":89,"column":10}},"11":{"start":{"line":91,"column":8},"end":{"line":110,"column":9}},"12":{"start":{"line":93,"column":36},"end":{"line":93,"column":102}},"13":{"start":{"line":94,"column":12},"end":{"line":107,"column":13}},"14":{"start":{"line":95,"column":16},"end":{"line":104,"column":17}},"15":{"start":{"line":96,"column":20},"end":{"line":96,"column":151}},"16":{"start":{"line":97,"column":20},"end":{"line":101,"column":21}},"17":{"start":{"line":98,"column":24},"end":{"line":98,"column":138}},"18":{"start":{"line":100,"column":24},"end":{"line":100,"column":187}},"19":{"start":{"line":103,"column":20},"end":{"line":103,"column":132}},"20":{"start":{"line":106,"column":16},"end":{"line":106,"column":119}},"21":{"start":{"line":109,"column":12},"end":{"line":109,"column":115}},"22":{"start":{"line":13,"column":13},"end":{"line":13,"column":33}},"23":{"start":{"line":83,"column":10},"end":{"line":111,"column":null}},"24":{"start":{"line":13,"column":13},"end":{"line":112,"column":null}}},"fnMap":{"0":{"name":"(anonymous_4)","decl":{"start":{"line":16,"column":4},"end":{"line":16,"column":33}},"loc":{"start":{"line":16,"column":140},"end":{"line":18,"column":5}}},"1":{"name":"(anonymous_5)","decl":{"start":{"line":83,"column":10},"end":{"line":83,"column":27}},"loc":{"start":{"line":83,"column":118},"end":{"line":111,"column":5}}}},"branchMap":{"0":{"loc":{"start":{"line":94,"column":12},"end":{"line":107,"column":13}},"type":"if","locations":[{"start":{"line":94,"column":12},"end":{"line":107,"column":13}},{"start":{"line":105,"column":19},"end":{"line":107,"column":13}}]},"1":{"loc":{"start":{"line":97,"column":20},"end":{"line":101,"column":21}},"type":"if","locations":[{"start":{"line":97,"column":20},"end":{"line":101,"column":21}},{"start":{"line":99,"column":27},"end":{"line":101,"column":21}}]}},"s":{"0":1,"1":1,"2":1,"3":1,"4":1,"5":1,"6":1,"7":1,"8":7,"9":7,"10":6,"11":6,"12":6,"13":2,"14":2,"15":2,"16":1,"17":1,"18":0,"19":1,"20":0,"21":4,"22":1,"23":1,"24":1},"f":{"0":7,"1":6},"b":{"0":[2,0],"1":[1,0]}}
,"C:\\Users\\devloop\\Desktop\\challange-projects\\assetment-projects\\ist-coding-challenge-nest\\src\\vat-checker\\services\\file.service.ts": {"path":"C:\\Users\\devloop\\Desktop\\challange-projects\\assetment-projects\\ist-coding-challenge-nest\\src\\vat-checker\\services\\file.service.ts","statementMap":{"0":{"start":{"line":1,"column":0},"end":{"line":1,"column":44}},"1":{"start":{"line":2,"column":0},"end":{"line":2,"column":30}},"2":{"start":{"line":3,"column":0},"end":{"line":3,"column":24}},"3":{"start":{"line":14,"column":40},"end":{"line":14,"column":50}},"4":{"start":{"line":15,"column":39},"end":{"line":15,"column":48}},"5":{"start":{"line":17,"column":34},"end":{"line":17,"column":99}},"6":{"start":{"line":22,"column":8},"end":{"line":30,"column":11}},"7":{"start":{"line":23,"column":12},"end":{"line":29,"column":15}},"8":{"start":{"line":24,"column":16},"end":{"line":28,"column":17}},"9":{"start":{"line":25,"column":20},"end":{"line":25,"column":32}},"10":{"start":{"line":27,"column":20},"end":{"line":27,"column":34}},"11":{"start":{"line":33,"column":8},"end":{"line":38,"column":9}},"12":{"start":{"line":34,"column":25},"end":{"line":34,"column":67}},"13":{"start":{"line":35,"column":12},"end":{"line":35,"column":49}},"14":{"start":{"line":37,"column":12},"end":{"line":37,"column":24}},"15":{"start":{"line":12,"column":13},"end":{"line":12,"column":24}},"16":{"start":{"line":12,"column":13},"end":{"line":42,"column":null}}},"fnMap":{"0":{"name":"(anonymous_2)","decl":{"start":{"line":21,"column":11},"end":{"line":21,"column":16}},"loc":{"start":{"line":21,"column":47},"end":{"line":31,"column":5}}},"1":{"name":"(anonymous_3)","decl":{"start":{"line":22,"column":27},"end":{"line":22,"column":28}},"loc":{"start":{"line":22,"column":47},"end":{"line":30,"column":9}}},"2":{"name":"(anonymous_4)","decl":{"start":{"line":23,"column":39},"end":{"line":23,"column":40}},"loc":{"start":{"line":23,"column":66},"end":{"line":29,"column":13}}},"3":{"name":"(anonymous_5)","decl":{"start":{"line":32,"column":11},"end":{"line":32,"column":16}},"loc":{"start":{"line":32,"column":29},"end":{"line":39,"column":5}}}},"branchMap":{"0":{"loc":{"start":{"line":24,"column":16},"end":{"line":28,"column":17}},"type":"if","locations":[{"start":{"line":24,"column":16},"end":{"line":28,"column":17}},{"start":{"line":26,"column":23},"end":{"line":28,"column":17}}]}},"s":{"0":3,"1":3,"2":3,"3":3,"4":3,"5":3,"6":11,"7":11,"8":11,"9":1,"10":10,"11":10,"12":10,"13":9,"14":1,"15":3,"16":3},"f":{"0":11,"1":11,"2":11,"3":10},"b":{"0":[1,10]}}
,"C:\\Users\\devloop\\Desktop\\challange-projects\\assetment-projects\\ist-coding-challenge-nest\\src\\vat-checker\\services\\validation-external-fetch.service.ts": {"path":"C:\\Users\\devloop\\Desktop\\challange-projects\\assetment-projects\\ist-coding-challenge-nest\\src\\vat-checker\\services\\validation-external-fetch.service.ts","statementMap":{"0":{"start":{"line":1,"column":0},"end":{"line":1,"column":44}},"1":{"start":{"line":26,"column":34},"end":{"line":26,"column":105}},"2":{"start":{"line":35,"column":34},"end":{"line":41,"column":10}},"3":{"start":{"line":43,"column":25},"end":{"line":43,"column":79}},"4":{"start":{"line":45,"column":8},"end":{"line":45,"column":66}},"5":{"start":{"line":24,"column":13},"end":{"line":24,"column":43}},"6":{"start":{"line":24,"column":13},"end":{"line":50,"column":null}}},"fnMap":{"0":{"name":"(anonymous_1)","decl":{"start":{"line":33,"column":4},"end":{"line":33,"column":9}},"loc":{"start":{"line":33,"column":47},"end":{"line":49,"column":5}}}},"branchMap":{},"s":{"0":3,"1":3,"2":8,"3":8,"4":8,"5":3,"6":3},"f":{"0":8},"b":{}}
,"C:\\Users\\devloop\\Desktop\\challange-projects\\assetment-projects\\ist-coding-challenge-nest\\src\\vat-checker\\services\\validation-external-req.service.ts": {"path":"C:\\Users\\devloop\\Desktop\\challange-projects\\assetment-projects\\ist-coding-challenge-nest\\src\\vat-checker\\services\\validation-external-req.service.ts","statementMap":{"0":{"start":{"line":1,"column":0},"end":{"line":1,"column":44}},"1":{"start":{"line":3,"column":0},"end":{"line":3,"column":47}},"2":{"start":{"line":28,"column":34},"end":{"line":28,"column":48}},"3":{"start":{"line":33,"column":8},"end":{"line":33,"column":26}},"4":{"start":{"line":37,"column":8},"end":{"line":37,"column":27}},"5":{"start":{"line":41,"column":8},"end":{"line":41,"column":73}},"6":{"start":{"line":49,"column":8},"end":{"line":49,"column":82}},"7":{"start":{"line":49,"column":18},"end":{"line":49,"column":82}},"8":{"start":{"line":51,"column":24},"end":{"line":51,"column":50}},"9":{"start":{"line":54,"column":23},"end":{"line":77,"column":10}},"10":{"start":{"line":56,"column":28},"end":{"line":59,"column":null}},"11":{"start":{"line":61,"column":49},"end":{"line":66,"column":14}},"12":{"start":{"line":69,"column":33},"end":{"line":69,"column":111}},"13":{"start":{"line":69,"column":64},"end":{"line":69,"column":110}},"14":{"start":{"line":71,"column":12},"end":{"line":71,"column":107}},"15":{"start":{"line":71,"column":53},"end":{"line":71,"column":105}},"16":{"start":{"line":73,"column":12},"end":{"line":73,"column":40}},"17":{"start":{"line":75,"column":12},"end":{"line":75,"column":31}},"18":{"start":{"line":80,"column":8},"end":{"line":80,"column":22}},"19":{"start":{"line":84,"column":8},"end":{"line":109,"column":null}},"20":{"start":{"line":86,"column":12},"end":{"line":86,"column":37}},"21":{"start":{"line":88,"column":12},"end":{"line":88,"column":97}},"22":{"start":{"line":88,"column":40},"end":{"line":88,"column":97}},"23":{"start":{"line":90,"column":42},"end":{"line":90,"column":44}},"24":{"start":{"line":92,"column":12},"end":{"line":92,"column":null}},"25":{"start":{"line":92,"column":39},"end":{"line":92,"column":58}},"26":{"start":{"line":94,"column":12},"end":{"line":106,"column":null}},"27":{"start":{"line":95,"column":16},"end":{"line":104,"column":17}},"28":{"start":{"line":97,"column":20},"end":{"line":97,"column":84}},"29":{"start":{"line":101,"column":36},"end":{"line":101,"column":49}},"30":{"start":{"line":103,"column":20},"end":{"line":103,"column":null}},"31":{"start":{"line":108,"column":12},"end":{"line":108,"column":null}},"32":{"start":{"line":108,"column":44},"end":{"line":108,"column":91}},"33":{"start":{"line":26,"column":13},"end":{"line":26,"column":41}},"34":{"start":{"line":26,"column":13},"end":{"line":114,"column":null}}},"fnMap":{"0":{"name":"(anonymous_2)","decl":{"start":{"line":32,"column":4},"end":{"line":32,"column":15}},"loc":{"start":{"line":32,"column":19},"end":{"line":34,"column":5}}},"1":{"name":"(anonymous_3)","decl":{"start":{"line":36,"column":4},"end":{"line":36,"column":15}},"loc":{"start":{"line":36,"column":25},"end":{"line":38,"column":5}}},"2":{"name":"(anonymous_4)","decl":{"start":{"line":40,"column":4},"end":{"line":40,"column":null}},"loc":{"start":{"line":40,"column":4},"end":{"line":42,"column":5}}},"3":{"name":"(anonymous_5)","decl":{"start":{"line":47,"column":4},"end":{"line":47,"column":9}},"loc":{"start":{"line":47,"column":49},"end":{"line":81,"column":5}}},"4":{"name":"(anonymous_6)","decl":{"start":{"line":54,"column":68},"end":{"line":54,"column":69}},"loc":{"start":{"line":54,"column":156},"end":{"line":77,"column":9}}},"5":{"name":"(anonymous_7)","decl":{"start":{"line":69,"column":55},"end":{"line":69,"column":56}},"loc":{"start":{"line":69,"column":64},"end":{"line":69,"column":110}}},"6":{"name":"(anonymous_8)","decl":{"start":{"line":71,"column":37},"end":{"line":71,"column":38}},"loc":{"start":{"line":71,"column":53},"end":{"line":71,"column":105}}},"7":{"name":"(anonymous_9)","decl":{"start":{"line":83,"column":12},"end":{"line":83,"column":31}},"loc":{"start":{"line":83,"column":115},"end":{"line":110,"column":5}}},"8":{"name":"(anonymous_10)","decl":{"start":{"line":84,"column":15},"end":{"line":84,"column":16}},"loc":{"start":{"line":84,"column":40},"end":{"line":109,"column":9}}},"9":{"name":"(anonymous_11)","decl":{"start":{"line":92,"column":27},"end":{"line":92,"column":28}},"loc":{"start":{"line":92,"column":39},"end":{"line":92,"column":58}}},"10":{"name":"(anonymous_12)","decl":{"start":{"line":94,"column":26},"end":{"line":94,"column":29}},"loc":{"start":{"line":94,"column":31},"end":{"line":106,"column":13}}},"11":{"name":"(anonymous_13)","decl":{"start":{"line":108,"column":28},"end":{"line":108,"column":29}},"loc":{"start":{"line":108,"column":44},"end":{"line":108,"column":91}}}},"branchMap":{"0":{"loc":{"start":{"line":49,"column":8},"end":{"line":49,"column":82}},"type":"if","locations":[{"start":{"line":49,"column":8},"end":{"line":49,"column":82}},{"start":{},"end":{}}]},"1":{"loc":{"start":{"line":88,"column":12},"end":{"line":88,"column":97}},"type":"if","locations":[{"start":{"line":88,"column":12},"end":{"line":88,"column":97}},{"start":{},"end":{}}]}},"s":{"0":3,"1":3,"2":3,"3":8,"4":0,"5":19,"6":10,"7":1,"8":9,"9":9,"10":9,"11":9,"12":9,"13":9,"14":9,"15":0,"16":9,"17":9,"18":8,"19":9,"20":9,"21":9,"22":1,"23":9,"24":9,"25":8,"26":9,"27":8,"28":8,"29":0,"30":0,"31":9,"32":0,"33":3,"34":3},"f":{"0":8,"1":0,"2":19,"3":10,"4":9,"5":9,"6":0,"7":9,"8":9,"9":8,"10":8,"11":0},"b":{"0":[1,9],"1":[1,8]}}
,"C:\\Users\\devloop\\Desktop\\challange-projects\\assetment-projects\\ist-coding-challenge-nest\\src\\vat-checker\\services\\validation-external.service.ts": {"path":"C:\\Users\\devloop\\Desktop\\challange-projects\\assetment-projects\\ist-coding-challenge-nest\\src\\vat-checker\\services\\validation-external.service.ts","statementMap":{"0":{"start":{"line":1,"column":0},"end":{"line":1,"column":44}},"1":{"start":{"line":2,"column":0},"end":{"line":2,"column":85}},"2":{"start":{"line":3,"column":0},"end":{"line":3,"column":81}},"3":{"start":{"line":27,"column":7},"end":{"line":41,"column":null}},"4":{"start":{"line":30,"column":24},"end":{"line":30,"column":56}},"5":{"start":{"line":30,"column":96},"end":{"line":30,"column":126}},"6":{"start":{"line":34,"column":8},"end":{"line":38,"column":9}},"7":{"start":{"line":35,"column":12},"end":{"line":35,"column":77}},"8":{"start":{"line":37,"column":12},"end":{"line":37,"column":77}},"9":{"start":{"line":27,"column":13},"end":{"line":27,"column":38}},"10":{"start":{"line":27,"column":13},"end":{"line":41,"column":null}}},"fnMap":{"0":{"name":"(anonymous_2)","decl":{"start":{"line":30,"column":4},"end":{"line":30,"column":24}},"loc":{"start":{"line":30,"column":154},"end":{"line":30,"column":159}}},"1":{"name":"(anonymous_3)","decl":{"start":{"line":32,"column":4},"end":{"line":32,"column":9}},"loc":{"start":{"line":32,"column":42},"end":{"line":39,"column":5}}}},"branchMap":{"0":{"loc":{"start":{"line":34,"column":8},"end":{"line":38,"column":9}},"type":"if","locations":[{"start":{"line":34,"column":8},"end":{"line":38,"column":9}},{"start":{"line":36,"column":15},"end":{"line":38,"column":9}}]}},"s":{"0":2,"1":2,"2":2,"3":2,"4":10,"5":10,"6":2,"7":1,"8":1,"9":2,"10":2},"f":{"0":10,"1":2},"b":{"0":[1,1]}}
,"C:\\Users\\devloop\\Desktop\\challange-projects\\assetment-projects\\ist-coding-challenge-nest\\src\\vat-checker\\services\\validation.service.ts": {"path":"C:\\Users\\devloop\\Desktop\\challange-projects\\assetment-projects\\ist-coding-challenge-nest\\src\\vat-checker\\services\\validation.service.ts","statementMap":{"0":{"start":{"line":1,"column":0},"end":{"line":1,"column":44}},"1":{"start":{"line":2,"column":0},"end":{"line":2,"column":45}},"2":{"start":{"line":13,"column":7},"end":{"line":59,"column":null}},"3":{"start":{"line":15,"column":24},"end":{"line":15,"column":37}},"4":{"start":{"line":21,"column":8},"end":{"line":23,"column":9}},"5":{"start":{"line":22,"column":12},"end":{"line":22,"column":89}},"6":{"start":{"line":25,"column":8},"end":{"line":27,"column":9}},"7":{"start":{"line":26,"column":12},"end":{"line":26,"column":87}},"8":{"start":{"line":29,"column":29},"end":{"line":29,"column":66}},"9":{"start":{"line":31,"column":8},"end":{"line":33,"column":9}},"10":{"start":{"line":32,"column":12},"end":{"line":32,"column":96}},"11":{"start":{"line":35,"column":8},"end":{"line":37,"column":9}},"12":{"start":{"line":36,"column":12},"end":{"line":36,"column":77}},"13":{"start":{"line":39,"column":22},"end":{"line":39,"column":105}},"14":{"start":{"line":39,"column":51},"end":{"line":39,"column":104}},"15":{"start":{"line":41,"column":8},"end":{"line":43,"column":9}},"16":{"start":{"line":42,"column":12},"end":{"line":42,"column":103}},"17":{"start":{"line":45,"column":23},"end":{"line":45,"column":84}},"18":{"start":{"line":47,"column":8},"end":{"line":49,"column":9}},"19":{"start":{"line":48,"column":12},"end":{"line":48,"column":144}},"20":{"start":{"line":52,"column":8},"end":{"line":52,"column":112}},"21":{"start":{"line":13,"column":13},"end":{"line":13,"column":30}},"22":{"start":{"line":13,"column":13},"end":{"line":59,"column":null}}},"fnMap":{"0":{"name":"(anonymous_2)","decl":{"start":{"line":15,"column":4},"end":{"line":15,"column":24}},"loc":{"start":{"line":15,"column":48},"end":{"line":15,"column":53}}},"1":{"name":"(anonymous_3)","decl":{"start":{"line":19,"column":11},"end":{"line":19,"column":16}},"loc":{"start":{"line":19,"column":72},"end":{"line":56,"column":5}}},"2":{"name":"(anonymous_4)","decl":{"start":{"line":39,"column":40},"end":{"line":39,"column":47}},"loc":{"start":{"line":39,"column":51},"end":{"line":39,"column":104}}}},"branchMap":{"0":{"loc":{"start":{"line":21,"column":8},"end":{"line":23,"column":9}},"type":"if","locations":[{"start":{"line":21,"column":8},"end":{"line":23,"column":9}},{"start":{},"end":{}}]},"1":{"loc":{"start":{"line":21,"column":12},"end":{"line":21,"column":64}},"type":"binary-expr","locations":[{"start":{"line":21,"column":12},"end":{"line":21,"column":30}},{"start":{"line":21,"column":34},"end":{"line":21,"column":64}}]},"2":{"loc":{"start":{"line":25,"column":8},"end":{"line":27,"column":9}},"type":"if","locations":[{"start":{"line":25,"column":8},"end":{"line":27,"column":9}},{"start":{},"end":{}}]},"3":{"loc":{"start":{"line":31,"column":8},"end":{"line":33,"column":9}},"type":"if","locations":[{"start":{"line":31,"column":8},"end":{"line":33,"column":9}},{"start":{},"end":{}}]},"4":{"loc":{"start":{"line":31,"column":12},"end":{"line":31,"column":57}},"type":"binary-expr","locations":[{"start":{"line":31,"column":12},"end":{"line":31,"column":25}},{"start":{"line":31,"column":29},"end":{"line":31,"column":57}}]},"5":{"loc":{"start":{"line":35,"column":8},"end":{"line":37,"column":9}},"type":"if","locations":[{"start":{"line":35,"column":8},"end":{"line":37,"column":9}},{"start":{},"end":{}}]},"6":{"loc":{"start":{"line":41,"column":8},"end":{"line":43,"column":9}},"type":"if","locations":[{"start":{"line":41,"column":8},"end":{"line":43,"column":9}},{"start":{},"end":{}}]},"7":{"loc":{"start":{"line":47,"column":8},"end":{"line":49,"column":9}},"type":"if","locations":[{"start":{"line":47,"column":8},"end":{"line":49,"column":9}},{"start":{},"end":{}}]}},"s":{"0":2,"1":2,"2":2,"3":20,"4":16,"5":3,"6":13,"7":2,"8":11,"9":10,"10":1,"11":9,"12":1,"13":8,"14":94,"15":8,"16":2,"17":6,"18":6,"19":4,"20":2,"21":2,"22":2},"f":{"0":20,"1":16,"2":94},"b":{"0":[3,13],"1":[16,15],"2":[2,11],"3":[1,9],"4":[10,9],"5":[1,8],"6":[2,6],"7":[4,2]}}
,"C:\\Users\\devloop\\Desktop\\challange-projects\\assetment-projects\\ist-coding-challenge-nest\\src\\vat-checker\\validations\\post-schema.ts": {"path":"C:\\Users\\devloop\\Desktop\\challange-projects\\assetment-projects\\ist-coding-challenge-nest\\src\\vat-checker\\validations\\post-schema.ts","statementMap":{"0":{"start":{"line":1,"column":0},"end":{"line":1,"column":24}},"1":{"start":{"line":4,"column":13},"end":{"line":9,"column":3}}},"fnMap":{},"branchMap":{},"s":{"0":1,"1":1},"f":{},"b":{}}
}
