TN:
SF:src\app.controller.ts
FN:9,(anonymous_4)
FN:47,(anonymous_5)
FN:85,(anonymous_6)
FN:123,(anonymous_7)
FN:143,(anonymous_8)
FNF:5
FNH:2
FNDA:1,(anonymous_4)
FNDA:1,(anonymous_5)
FNDA:0,(anonymous_6)
FNDA:0,(anonymous_7)
FNDA:0,(anonymous_8)
DA:1,1
DA:2,1
DA:3,1
DA:8,1
DA:9,1
DA:47,1
DA:48,1
DA:85,1
DA:86,0
DA:123,1
DA:124,0
DA:125,0
DA:143,1
DA:144,0
LF:14
LH:10
BRF:0
BRH:0
end_of_record
TN:
SF:src\app.module.ts
FNF:0
FNH:0
DA:1,0
DA:2,0
DA:3,0
DA:4,0
DA:11,0
LF:5
LH:0
BRF:0
BRH:0
end_of_record
TN:
SF:src\app.service.ts
FN:5,(anonymous_1)
FNF:1
FNH:1
FNDA:1,(anonymous_1)
DA:1,1
DA:4,1
DA:6,1
LF:3
LH:3
BRF:0
BRH:0
end_of_record
TN:
SF:src\main.ts
FN:5,bootstrap
FN:13,(anonymous_1)
FNF:2
FNH:0
FNDA:0,bootstrap
FNDA:0,(anonymous_1)
DA:1,0
DA:2,0
DA:3,0
DA:6,0
DA:8,0
DA:13,0
DA:14,0
DA:16,0
DA:18,0
LF:9
LH:0
BRDA:16,0,0,0
BRDA:16,0,1,0
BRF:2
BRH:0
end_of_record
TN:
SF:src\vat-checker\vat.module.ts
FNF:0
FNH:0
DA:1,0
DA:2,0
DA:3,0
DA:4,0
DA:5,0
DA:6,0
DA:7,0
DA:8,0
DA:9,0
DA:26,0
LF:10
LH:0
BRF:0
BRH:0
end_of_record
TN:
SF:src\vat-checker\controllers\vat-checker.controller.ts
FN:16,(anonymous_4)
FN:83,(anonymous_5)
FNF:2
FNH:2
FNDA:7,(anonymous_4)
FNDA:6,(anonymous_5)
DA:1,1
DA:2,1
DA:3,1
DA:4,1
DA:5,1
DA:6,1
DA:7,1
DA:13,1
DA:16,7
DA:83,1
DA:86,6
DA:91,6
DA:93,6
DA:94,2
DA:95,2
DA:96,2
DA:97,1
DA:98,1
DA:100,0
DA:103,1
DA:106,0
DA:109,4
LF:22
LH:20
BRDA:94,0,0,2
BRDA:94,0,1,0
BRDA:97,1,0,1
BRDA:97,1,1,0
BRF:4
BRH:2
end_of_record
TN:
SF:src\vat-checker\services\file.service.ts
FN:21,(anonymous_2)
FN:22,(anonymous_3)
FN:23,(anonymous_4)
FN:32,(anonymous_5)
FNF:4
FNH:4
FNDA:11,(anonymous_2)
FNDA:11,(anonymous_3)
FNDA:11,(anonymous_4)
FNDA:10,(anonymous_5)
DA:1,3
DA:2,3
DA:3,3
DA:12,3
DA:14,3
DA:15,3
DA:17,3
DA:22,11
DA:23,11
DA:24,11
DA:25,1
DA:27,10
DA:33,10
DA:34,10
DA:35,9
DA:37,1
LF:16
LH:16
BRDA:24,0,0,1
BRDA:24,0,1,10
BRF:2
BRH:2
end_of_record
TN:
SF:src\vat-checker\services\validation-external-fetch.service.ts
FN:33,(anonymous_1)
FNF:1
FNH:1
FNDA:8,(anonymous_1)
DA:1,3
DA:24,3
DA:26,3
DA:35,8
DA:43,8
DA:45,8
LF:6
LH:6
BRF:0
BRH:0
end_of_record
TN:
SF:src\vat-checker\services\validation-external-req.service.ts
FN:32,(anonymous_2)
FN:36,(anonymous_3)
FN:40,(anonymous_4)
FN:47,(anonymous_5)
FN:54,(anonymous_6)
FN:69,(anonymous_7)
FN:71,(anonymous_8)
FN:83,(anonymous_9)
FN:84,(anonymous_10)
FN:92,(anonymous_11)
FN:94,(anonymous_12)
FN:108,(anonymous_13)
FNF:12
FNH:9
FNDA:8,(anonymous_2)
FNDA:0,(anonymous_3)
FNDA:19,(anonymous_4)
FNDA:10,(anonymous_5)
FNDA:9,(anonymous_6)
FNDA:9,(anonymous_7)
FNDA:0,(anonymous_8)
FNDA:9,(anonymous_9)
FNDA:9,(anonymous_10)
FNDA:8,(anonymous_11)
FNDA:8,(anonymous_12)
FNDA:0,(anonymous_13)
DA:1,3
DA:3,3
DA:26,3
DA:28,3
DA:33,8
DA:37,0
DA:41,19
DA:49,10
DA:51,9
DA:54,9
DA:56,9
DA:61,9
DA:69,9
DA:71,9
DA:73,9
DA:75,9
DA:80,8
DA:84,9
DA:86,9
DA:88,9
DA:90,9
DA:92,9
DA:94,9
DA:95,8
DA:97,8
DA:101,0
DA:103,0
DA:108,9
LF:28
LH:25
BRDA:49,0,0,1
BRDA:49,0,1,9
BRDA:88,1,0,1
BRDA:88,1,1,8
BRF:4
BRH:4
end_of_record
TN:
SF:src\vat-checker\services\validation-external.service.ts
FN:30,(anonymous_2)
FN:32,(anonymous_3)
FNF:2
FNH:2
FNDA:10,(anonymous_2)
FNDA:2,(anonymous_3)
DA:1,2
DA:2,2
DA:3,2
DA:27,2
DA:30,10
DA:34,2
DA:35,1
DA:37,1
LF:8
LH:8
BRDA:34,0,0,1
BRDA:34,0,1,1
BRF:2
BRH:2
end_of_record
TN:
SF:src\vat-checker\services\validation.service.ts
FN:15,(anonymous_2)
FN:19,(anonymous_3)
FN:39,(anonymous_4)
FNF:3
FNH:3
FNDA:20,(anonymous_2)
FNDA:16,(anonymous_3)
FNDA:94,(anonymous_4)
DA:1,2
DA:2,2
DA:13,2
DA:15,20
DA:21,16
DA:22,3
DA:25,13
DA:26,2
DA:29,11
DA:31,10
DA:32,1
DA:35,9
DA:36,1
DA:39,94
DA:41,8
DA:42,2
DA:45,6
DA:47,6
DA:48,4
DA:52,2
LF:20
LH:20
BRDA:21,0,0,3
BRDA:21,0,1,13
BRDA:21,1,0,16
BRDA:21,1,1,15
BRDA:25,2,0,2
BRDA:25,2,1,11
BRDA:31,3,0,1
BRDA:31,3,1,9
BRDA:31,4,0,10
BRDA:31,4,1,9
BRDA:35,5,0,1
BRDA:35,5,1,8
BRDA:41,6,0,2
BRDA:41,6,1,6
BRDA:47,7,0,4
BRDA:47,7,1,2
BRF:16
BRH:16
end_of_record
TN:
SF:src\vat-checker\validations\post-schema.ts
FNF:0
FNH:0
DA:1,1
DA:4,1
LF:2
LH:2
BRF:0
BRH:0
end_of_record
