{"C:\\Users\\devloop\\Desktop\\challange-projects\\assetment-projects\\ist-coding-challenge\\source\\services\\file.service.ts": {"path":"C:\\Users\\devloop\\Desktop\\challange-projects\\assetment-projects\\ist-coding-challenge\\source\\services\\file.service.ts","statementMap":{"0":{"start":{"line":1,"column":0},"end":{"line":1,"column":30}},"1":{"start":{"line":2,"column":0},"end":{"line":2,"column":24}},"2":{"start":{"line":13,"column":35},"end":{"line":13,"column":100}},"3":{"start":{"line":18,"column":8},"end":{"line":26,"column":11}},"4":{"start":{"line":19,"column":12},"end":{"line":25,"column":15}},"5":{"start":{"line":20,"column":16},"end":{"line":24,"column":17}},"6":{"start":{"line":21,"column":20},"end":{"line":21,"column":32}},"7":{"start":{"line":23,"column":20},"end":{"line":23,"column":34}},"8":{"start":{"line":29,"column":8},"end":{"line":34,"column":9}},"9":{"start":{"line":30,"column":25},"end":{"line":30,"column":67}},"10":{"start":{"line":31,"column":12},"end":{"line":31,"column":49}},"11":{"start":{"line":33,"column":12},"end":{"line":33,"column":24}},"12":{"start":{"line":11,"column":0},"end":{"line":11,"column":13}}},"fnMap":{"0":{"name":"(anonymous_1)","decl":{"start":{"line":17,"column":11},"end":{"line":17,"column":16}},"loc":{"start":{"line":17,"column":47},"end":{"line":27,"column":5}}},"1":{"name":"(anonymous_2)","decl":{"start":{"line":18,"column":27},"end":{"line":18,"column":28}},"loc":{"start":{"line":18,"column":47},"end":{"line":26,"column":9}}},"2":{"name":"(anonymous_3)","decl":{"start":{"line":19,"column":39},"end":{"line":19,"column":40}},"loc":{"start":{"line":19,"column":66},"end":{"line":25,"column":13}}},"3":{"name":"(anonymous_4)","decl":{"start":{"line":28,"column":11},"end":{"line":28,"column":16}},"loc":{"start":{"line":28,"column":29},"end":{"line":35,"column":5}}}},"branchMap":{"0":{"loc":{"start":{"line":20,"column":16},"end":{"line":24,"column":17}},"type":"if","locations":[{"start":{"line":20,"column":16},"end":{"line":24,"column":17}},{"start":{"line":22,"column":23},"end":{"line":24,"column":17}}]}},"s":{"0":2,"1":2,"2":2,"3":8,"4":8,"5":8,"6":1,"7":7,"8":7,"9":7,"10":6,"11":1,"12":2},"f":{"0":8,"1":8,"2":8,"3":7},"b":{"0":[1,7]}}
,"C:\\Users\\devloop\\Desktop\\challange-projects\\assetment-projects\\ist-coding-challenge\\source\\services\\validation-external-fetch.service.ts": {"path":"C:\\Users\\devloop\\Desktop\\challange-projects\\assetment-projects\\ist-coding-challenge\\source\\services\\validation-external-fetch.service.ts","statementMap":{"0":{"start":{"line":24,"column":34},"end":{"line":24,"column":105}},"1":{"start":{"line":38,"column":34},"end":{"line":44,"column":10}},"2":{"start":{"line":46,"column":25},"end":{"line":46,"column":79}},"3":{"start":{"line":48,"column":8},"end":{"line":48,"column":66}},"4":{"start":{"line":22,"column":0},"end":{"line":22,"column":13}}},"fnMap":{"0":{"name":"(anonymous_0)","decl":{"start":{"line":36,"column":4},"end":{"line":36,"column":9}},"loc":{"start":{"line":36,"column":47},"end":{"line":52,"column":5}}}},"branchMap":{},"s":{"0":2,"1":2,"2":2,"3":2,"4":2},"f":{"0":2},"b":{}}
,"C:\\Users\\devloop\\Desktop\\challange-projects\\assetment-projects\\ist-coding-challenge\\source\\services\\validation-external-req.service.ts": {"path":"C:\\Users\\devloop\\Desktop\\challange-projects\\assetment-projects\\ist-coding-challenge\\source\\services\\validation-external-req.service.ts","statementMap":{"0":{"start":{"line":2,"column":0},"end":{"line":2,"column":47}},"1":{"start":{"line":26,"column":34},"end":{"line":26,"column":48}},"2":{"start":{"line":31,"column":8},"end":{"line":31,"column":26}},"3":{"start":{"line":35,"column":8},"end":{"line":35,"column":27}},"4":{"start":{"line":39,"column":8},"end":{"line":39,"column":73}},"5":{"start":{"line":47,"column":8},"end":{"line":47,"column":82}},"6":{"start":{"line":47,"column":18},"end":{"line":47,"column":82}},"7":{"start":{"line":49,"column":24},"end":{"line":49,"column":50}},"8":{"start":{"line":52,"column":23},"end":{"line":75,"column":10}},"9":{"start":{"line":54,"column":28},"end":{"line":57,"column":null}},"10":{"start":{"line":59,"column":49},"end":{"line":64,"column":14}},"11":{"start":{"line":67,"column":33},"end":{"line":67,"column":111}},"12":{"start":{"line":67,"column":64},"end":{"line":67,"column":110}},"13":{"start":{"line":69,"column":12},"end":{"line":69,"column":107}},"14":{"start":{"line":69,"column":53},"end":{"line":69,"column":105}},"15":{"start":{"line":71,"column":12},"end":{"line":71,"column":40}},"16":{"start":{"line":73,"column":12},"end":{"line":73,"column":31}},"17":{"start":{"line":78,"column":8},"end":{"line":78,"column":22}},"18":{"start":{"line":82,"column":8},"end":{"line":107,"column":null}},"19":{"start":{"line":84,"column":12},"end":{"line":84,"column":37}},"20":{"start":{"line":86,"column":12},"end":{"line":86,"column":97}},"21":{"start":{"line":86,"column":40},"end":{"line":86,"column":97}},"22":{"start":{"line":88,"column":42},"end":{"line":88,"column":44}},"23":{"start":{"line":90,"column":12},"end":{"line":90,"column":null}},"24":{"start":{"line":90,"column":39},"end":{"line":90,"column":58}},"25":{"start":{"line":92,"column":12},"end":{"line":104,"column":null}},"26":{"start":{"line":93,"column":16},"end":{"line":102,"column":17}},"27":{"start":{"line":95,"column":20},"end":{"line":95,"column":84}},"28":{"start":{"line":99,"column":36},"end":{"line":99,"column":49}},"29":{"start":{"line":101,"column":20},"end":{"line":101,"column":null}},"30":{"start":{"line":106,"column":12},"end":{"line":106,"column":null}},"31":{"start":{"line":106,"column":44},"end":{"line":106,"column":91}},"32":{"start":{"line":24,"column":0},"end":{"line":24,"column":13}}},"fnMap":{"0":{"name":"(anonymous_0)","decl":{"start":{"line":30,"column":4},"end":{"line":30,"column":15}},"loc":{"start":{"line":30,"column":19},"end":{"line":32,"column":5}}},"1":{"name":"(anonymous_1)","decl":{"start":{"line":34,"column":4},"end":{"line":34,"column":15}},"loc":{"start":{"line":34,"column":25},"end":{"line":36,"column":5}}},"2":{"name":"(anonymous_2)","decl":{"start":{"line":38,"column":4},"end":{"line":38,"column":null}},"loc":{"start":{"line":38,"column":4},"end":{"line":40,"column":5}}},"3":{"name":"(anonymous_3)","decl":{"start":{"line":45,"column":4},"end":{"line":45,"column":9}},"loc":{"start":{"line":45,"column":49},"end":{"line":79,"column":5}}},"4":{"name":"(anonymous_4)","decl":{"start":{"line":52,"column":68},"end":{"line":52,"column":69}},"loc":{"start":{"line":52,"column":156},"end":{"line":75,"column":9}}},"5":{"name":"(anonymous_5)","decl":{"start":{"line":67,"column":55},"end":{"line":67,"column":56}},"loc":{"start":{"line":67,"column":64},"end":{"line":67,"column":110}}},"6":{"name":"(anonymous_6)","decl":{"start":{"line":69,"column":37},"end":{"line":69,"column":38}},"loc":{"start":{"line":69,"column":53},"end":{"line":69,"column":105}}},"7":{"name":"(anonymous_7)","decl":{"start":{"line":81,"column":12},"end":{"line":81,"column":31}},"loc":{"start":{"line":81,"column":115},"end":{"line":108,"column":5}}},"8":{"name":"(anonymous_8)","decl":{"start":{"line":82,"column":15},"end":{"line":82,"column":16}},"loc":{"start":{"line":82,"column":40},"end":{"line":107,"column":9}}},"9":{"name":"(anonymous_9)","decl":{"start":{"line":90,"column":27},"end":{"line":90,"column":28}},"loc":{"start":{"line":90,"column":39},"end":{"line":90,"column":58}}},"10":{"name":"(anonymous_10)","decl":{"start":{"line":92,"column":26},"end":{"line":92,"column":29}},"loc":{"start":{"line":92,"column":31},"end":{"line":104,"column":13}}},"11":{"name":"(anonymous_11)","decl":{"start":{"line":106,"column":28},"end":{"line":106,"column":29}},"loc":{"start":{"line":106,"column":44},"end":{"line":106,"column":91}}}},"branchMap":{"0":{"loc":{"start":{"line":47,"column":8},"end":{"line":47,"column":82}},"type":"if","locations":[{"start":{"line":47,"column":8},"end":{"line":47,"column":82}}]},"1":{"loc":{"start":{"line":86,"column":12},"end":{"line":86,"column":97}},"type":"if","locations":[{"start":{"line":86,"column":12},"end":{"line":86,"column":97}}]}},"s":{"0":2,"1":2,"2":2,"3":0,"4":3,"5":2,"6":0,"7":2,"8":2,"9":2,"10":2,"11":2,"12":2,"13":2,"14":0,"15":2,"16":2,"17":2,"18":2,"19":2,"20":2,"21":0,"22":2,"23":2,"24":2,"25":2,"26":2,"27":2,"28":0,"29":0,"30":2,"31":0,"32":2},"f":{"0":2,"1":0,"2":3,"3":2,"4":2,"5":2,"6":0,"7":2,"8":2,"9":2,"10":2,"11":0},"b":{"0":[0],"1":[0]}}
,"C:\\Users\\devloop\\Desktop\\challange-projects\\assetment-projects\\ist-coding-challenge\\source\\services\\validation-external.service.ts": {"path":"C:\\Users\\devloop\\Desktop\\challange-projects\\assetment-projects\\ist-coding-challenge\\source\\services\\validation-external.service.ts","statementMap":{"0":{"start":{"line":28,"column":24},"end":{"line":28,"column":86}},"1":{"start":{"line":28,"column":96},"end":{"line":28,"column":154}},"2":{"start":{"line":32,"column":8},"end":{"line":36,"column":9}},"3":{"start":{"line":33,"column":12},"end":{"line":33,"column":77}},"4":{"start":{"line":35,"column":12},"end":{"line":35,"column":77}},"5":{"start":{"line":25,"column":0},"end":{"line":25,"column":13}}},"fnMap":{"0":{"name":"(anonymous_0)","decl":{"start":{"line":28,"column":4},"end":{"line":28,"column":24}},"loc":{"start":{"line":28,"column":154},"end":{"line":28,"column":159}}},"1":{"name":"(anonymous_1)","decl":{"start":{"line":30,"column":4},"end":{"line":30,"column":9}},"loc":{"start":{"line":30,"column":42},"end":{"line":37,"column":5}}}},"branchMap":{"0":{"loc":{"start":{"line":32,"column":8},"end":{"line":36,"column":9}},"type":"if","locations":[{"start":{"line":32,"column":8},"end":{"line":36,"column":9}},{"start":{"line":34,"column":15},"end":{"line":36,"column":9}}]}},"s":{"0":1,"1":1,"2":1,"3":1,"4":0,"5":1},"f":{"0":1,"1":1},"b":{"0":[1,0]}}
,"C:\\Users\\devloop\\Desktop\\challange-projects\\assetment-projects\\ist-coding-challenge\\source\\services\\validation.service.ts": {"path":"C:\\Users\\devloop\\Desktop\\challange-projects\\assetment-projects\\ist-coding-challenge\\source\\services\\validation.service.ts","statementMap":{"0":{"start":{"line":14,"column":24},"end":{"line":14,"column":48}},"1":{"start":{"line":20,"column":8},"end":{"line":22,"column":9}},"2":{"start":{"line":21,"column":12},"end":{"line":21,"column":89}},"3":{"start":{"line":24,"column":8},"end":{"line":26,"column":9}},"4":{"start":{"line":25,"column":12},"end":{"line":25,"column":87}},"5":{"start":{"line":28,"column":29},"end":{"line":28,"column":66}},"6":{"start":{"line":30,"column":8},"end":{"line":32,"column":9}},"7":{"start":{"line":31,"column":12},"end":{"line":31,"column":96}},"8":{"start":{"line":34,"column":8},"end":{"line":36,"column":9}},"9":{"start":{"line":35,"column":12},"end":{"line":35,"column":77}},"10":{"start":{"line":38,"column":22},"end":{"line":38,"column":105}},"11":{"start":{"line":38,"column":51},"end":{"line":38,"column":104}},"12":{"start":{"line":40,"column":8},"end":{"line":42,"column":9}},"13":{"start":{"line":41,"column":12},"end":{"line":41,"column":103}},"14":{"start":{"line":44,"column":23},"end":{"line":44,"column":84}},"15":{"start":{"line":46,"column":8},"end":{"line":47,"column":144}},"16":{"start":{"line":47,"column":12},"end":{"line":47,"column":144}},"17":{"start":{"line":50,"column":8},"end":{"line":50,"column":112}},"18":{"start":{"line":12,"column":0},"end":{"line":12,"column":13}}},"fnMap":{"0":{"name":"(anonymous_0)","decl":{"start":{"line":14,"column":4},"end":{"line":14,"column":24}},"loc":{"start":{"line":14,"column":48},"end":{"line":14,"column":53}}},"1":{"name":"(anonymous_1)","decl":{"start":{"line":18,"column":11},"end":{"line":18,"column":16}},"loc":{"start":{"line":18,"column":72},"end":{"line":54,"column":5}}},"2":{"name":"(anonymous_2)","decl":{"start":{"line":38,"column":40},"end":{"line":38,"column":47}},"loc":{"start":{"line":38,"column":51},"end":{"line":38,"column":104}}}},"branchMap":{"0":{"loc":{"start":{"line":20,"column":8},"end":{"line":22,"column":9}},"type":"if","locations":[{"start":{"line":20,"column":8},"end":{"line":22,"column":9}}]},"1":{"loc":{"start":{"line":20,"column":12},"end":{"line":20,"column":64}},"type":"binary-expr","locations":[{"start":{"line":20,"column":12},"end":{"line":20,"column":30}},{"start":{"line":20,"column":34},"end":{"line":20,"column":64}}]},"2":{"loc":{"start":{"line":24,"column":8},"end":{"line":26,"column":9}},"type":"if","locations":[{"start":{"line":24,"column":8},"end":{"line":26,"column":9}}]},"3":{"loc":{"start":{"line":30,"column":8},"end":{"line":32,"column":9}},"type":"if","locations":[{"start":{"line":30,"column":8},"end":{"line":32,"column":9}}]},"4":{"loc":{"start":{"line":30,"column":12},"end":{"line":30,"column":57}},"type":"binary-expr","locations":[{"start":{"line":30,"column":12},"end":{"line":30,"column":25}},{"start":{"line":30,"column":29},"end":{"line":30,"column":57}}]},"5":{"loc":{"start":{"line":34,"column":8},"end":{"line":36,"column":9}},"type":"if","locations":[{"start":{"line":34,"column":8},"end":{"line":36,"column":9}}]},"6":{"loc":{"start":{"line":40,"column":8},"end":{"line":42,"column":9}},"type":"if","locations":[{"start":{"line":40,"column":8},"end":{"line":42,"column":9}}]},"7":{"loc":{"start":{"line":46,"column":8},"end":{"line":47,"column":144}},"type":"if","locations":[{"start":{"line":46,"column":8},"end":{"line":47,"column":144}}]}},"s":{"0":13,"1":12,"2":2,"3":10,"4":2,"5":8,"6":7,"7":1,"8":6,"9":1,"10":5,"11":51,"12":5,"13":1,"14":4,"15":4,"16":2,"17":2,"18":1},"f":{"0":13,"1":12,"2":51},"b":{"0":[2],"1":[12,11],"2":[2],"3":[1],"4":[7,6],"5":[1],"6":[1],"7":[2]}}
}
