{"C:\\Users\\devloop\\Desktop\\challange-projects\\assetment-projects\\ist-coding-challenge\\source\\server.ts": {"path":"C:\\Users\\devloop\\Desktop\\challange-projects\\assetment-projects\\ist-coding-challenge\\source\\server.ts","statementMap":{"0":{"start":{"line":1,"column":0},"end":{"line":1,"column":57}},"1":{"start":{"line":2,"column":0},"end":{"line":2,"column":41}},"2":{"start":{"line":3,"column":0},"end":{"line":3,"column":28}},"3":{"start":{"line":4,"column":0},"end":{"line":4,"column":51}},"4":{"start":{"line":12,"column":23},"end":{"line":12,"column":32}},"5":{"start":{"line":14,"column":2},"end":{"line":14,"column":20}},"6":{"start":{"line":15,"column":2},"end":{"line":15,"column":18}},"7":{"start":{"line":17,"column":2},"end":{"line":17,"column":42}},"8":{"start":{"line":19,"column":17},"end":{"line":19,"column":43}},"9":{"start":{"line":20,"column":2},"end":{"line":20,"column":23}},"10":{"start":{"line":21,"column":2},"end":{"line":26,"column":null}},"11":{"start":{"line":22,"column":4},"end":{"line":25,"column":null}},"12":{"start":{"line":28,"column":2},"end":{"line":28,"column":25}},"13":{"start":{"line":8,"column":0},"end":{"line":8,"column":24}},"14":{"start":{"line":34,"column":4},"end":{"line":34,"column":21}},"15":{"start":{"line":37,"column":22},"end":{"line":37,"column":50}},"16":{"start":{"line":38,"column":4},"end":{"line":38,"column":26}},"17":{"start":{"line":39,"column":4},"end":{"line":39,"column":23}},"18":{"start":{"line":42,"column":4},"end":{"line":42,"column":27}},"19":{"start":{"line":43,"column":4},"end":{"line":43,"column":25}},"20":{"start":{"line":45,"column":4},"end":{"line":45,"column":49}},"21":{"start":{"line":50,"column":19},"end":{"line":50,"column":50}},"22":{"start":{"line":51,"column":4},"end":{"line":51,"column":30}},"23":{"start":{"line":52,"column":4},"end":{"line":57,"column":null}},"24":{"start":{"line":53,"column":6},"end":{"line":56,"column":null}},"25":{"start":{"line":59,"column":4},"end":{"line":59,"column":37}},"26":{"start":{"line":63,"column":4},"end":{"line":63,"column":146}},"27":{"start":{"line":63,"column":59},"end":{"line":63,"column":144}},"28":{"start":{"line":31,"column":0},"end":{"line":31,"column":13}}},"fnMap":{"0":{"name":"createApp","decl":{"start":{"line":8,"column":24},"end":{"line":8,"column":33}},"loc":{"start":{"line":8,"column":62},"end":{"line":29,"column":1}}},"1":{"name":"(anonymous_8)","decl":{"start":{"line":21,"column":15},"end":{"line":21,"column":16}},"loc":{"start":{"line":21,"column":28},"end":{"line":26,"column":3}}},"2":{"name":"(anonymous_9)","decl":{"start":{"line":33,"column":2},"end":{"line":33,"column":13}},"loc":{"start":{"line":33,"column":16},"end":{"line":35,"column":3}}},"3":{"name":"(anonymous_10)","decl":{"start":{"line":37,"column":2},"end":{"line":37,"column":22}},"loc":{"start":{"line":37,"column":50},"end":{"line":40,"column":3}}},"4":{"name":"(anonymous_11)","decl":{"start":{"line":41,"column":10},"end":{"line":41,"column":21}},"loc":{"start":{"line":41,"column":21},"end":{"line":47,"column":3}}},"5":{"name":"(anonymous_12)","decl":{"start":{"line":48,"column":9},"end":{"line":48,"column":18}},"loc":{"start":{"line":48,"column":18},"end":{"line":60,"column":3}}},"6":{"name":"(anonymous_13)","decl":{"start":{"line":52,"column":22},"end":{"line":52,"column":23}},"loc":{"start":{"line":52,"column":35},"end":{"line":57,"column":5}}},"7":{"name":"(anonymous_14)","decl":{"start":{"line":62,"column":2},"end":{"line":62,"column":8}},"loc":{"start":{"line":62,"column":8},"end":{"line":64,"column":3}}},"8":{"name":"(anonymous_15)","decl":{"start":{"line":63,"column":53},"end":{"line":63,"column":56}},"loc":{"start":{"line":63,"column":59},"end":{"line":63,"column":144}}}},"branchMap":{},"s":{"0":1,"1":1,"2":1,"3":1,"4":0,"5":0,"6":0,"7":0,"8":0,"9":0,"10":0,"11":0,"12":0,"13":1,"14":28,"15":4,"16":4,"17":4,"18":4,"19":4,"20":4,"21":4,"22":4,"23":4,"24":0,"25":4,"26":4,"27":4,"28":1},"f":{"0":0,"1":0,"2":28,"3":4,"4":4,"5":4,"6":0,"7":4,"8":4},"b":{}}
,"C:\\Users\\devloop\\Desktop\\challange-projects\\assetment-projects\\ist-coding-challenge\\source\\controllers\\DummyController.ts": {"path":"C:\\Users\\devloop\\Desktop\\challange-projects\\assetment-projects\\ist-coding-challenge\\source\\controllers\\DummyController.ts","statementMap":{"0":{"start":{"line":9,"column":4},"end":{"line":9,"column":39}},"1":{"start":{"line":14,"column":4},"end":{"line":39,"column":6}},"2":{"start":{"line":16,"column":51},"end":{"line":16,"column":90}},"3":{"start":{"line":18,"column":6},"end":{"line":33,"column":7}},"4":{"start":{"line":19,"column":23},"end":{"line":19,"column":103}},"5":{"start":{"line":20,"column":9},"end":{"line":22,"column":51}},"6":{"start":{"line":21,"column":8},"end":{"line":21,"column":null}},"7":{"start":{"line":22,"column":12},"end":{"line":22,"column":51}},"8":{"start":{"line":23,"column":6},"end":{"line":25,"column":null}},"9":{"start":{"line":26,"column":6},"end":{"line":26,"column":13}},"10":{"start":{"line":28,"column":8},"end":{"line":31,"column":11}},"11":{"start":{"line":32,"column":8},"end":{"line":32,"column":15}},"12":{"start":{"line":5,"column":0},"end":{"line":5,"column":21}}},"fnMap":{"0":{"name":"(anonymous_0)","decl":{"start":{"line":8,"column":2},"end":{"line":8,"column":14}},"loc":{"start":{"line":8,"column":42},"end":{"line":10,"column":3}}},"1":{"name":"(anonymous_1)","decl":{"start":{"line":12,"column":2},"end":{"line":12,"column":7}},"loc":{"start":{"line":12,"column":26},"end":{"line":41,"column":3}}},"2":{"name":"(anonymous_2)","decl":{"start":{"line":14,"column":11},"end":{"line":14,"column":16}},"loc":{"start":{"line":14,"column":36},"end":{"line":39,"column":5}}}},"branchMap":{"0":{"loc":{"start":{"line":20,"column":9},"end":{"line":22,"column":51}},"type":"if","locations":[{"start":{"line":20,"column":9},"end":{"line":22,"column":51}},{"start":{"line":22,"column":12},"end":{"line":22,"column":51}}]}},"s":{"0":4,"1":1,"2":1,"3":1,"4":1,"5":0,"6":0,"7":0,"8":0,"9":0,"10":1,"11":1,"12":1},"f":{"0":4,"1":1,"2":1},"b":{"0":[0,0]}}
,"C:\\Users\\devloop\\Desktop\\challange-projects\\assetment-projects\\ist-coding-challenge\\source\\middlewares\\validate-post-request.middleware.ts": {"path":"C:\\Users\\devloop\\Desktop\\challange-projects\\assetment-projects\\ist-coding-challenge\\source\\middlewares\\validate-post-request.middleware.ts","statementMap":{"0":{"start":{"line":2,"column":0},"end":{"line":2,"column":41}},"1":{"start":{"line":6,"column":26},"end":{"line":23,"column":1}},"2":{"start":{"line":6,"column":43},"end":{"line":23,"column":1}},"3":{"start":{"line":7,"column":2},"end":{"line":22,"column":3}},"4":{"start":{"line":8,"column":4},"end":{"line":8,"column":null}},"5":{"start":{"line":9,"column":4},"end":{"line":9,"column":11}},"6":{"start":{"line":11,"column":4},"end":{"line":21,"column":5}},"7":{"start":{"line":13,"column":28},"end":{"line":16,"column":9}},"8":{"start":{"line":13,"column":67},"end":{"line":16,"column":8}},"9":{"start":{"line":17,"column":6},"end":{"line":17,"column":85}},"10":{"start":{"line":20,"column":6},"end":{"line":20,"column":74}},"11":{"start":{"line":25,"column":0},"end":{"line":25,"column":33}}},"fnMap":{"0":{"name":"(anonymous_0)","decl":{"start":{"line":6,"column":26},"end":{"line":6,"column":27}},"loc":{"start":{"line":6,"column":43},"end":{"line":23,"column":1}}},"1":{"name":"(anonymous_1)","decl":{"start":{"line":6,"column":43},"end":{"line":6,"column":44}},"loc":{"start":{"line":6,"column":95},"end":{"line":23,"column":1}}},"2":{"name":"(anonymous_2)","decl":{"start":{"line":13,"column":45},"end":{"line":13,"column":46}},"loc":{"start":{"line":13,"column":67},"end":{"line":16,"column":8}}}},"branchMap":{"0":{"loc":{"start":{"line":11,"column":4},"end":{"line":21,"column":5}},"type":"if","locations":[{"start":{"line":11,"column":4},"end":{"line":21,"column":5}},{"start":{"line":18,"column":11},"end":{"line":21,"column":5}}]}},"s":{"0":1,"1":1,"2":4,"3":4,"4":4,"5":1,"6":3,"7":3,"8":4,"9":3,"10":0,"11":1},"f":{"0":4,"1":4,"2":4},"b":{"0":[3,0]}}
,"C:\\Users\\devloop\\Desktop\\challange-projects\\assetment-projects\\ist-coding-challenge\\source\\models\\ConfigurationModel.ts": {"path":"C:\\Users\\devloop\\Desktop\\challange-projects\\assetment-projects\\ist-coding-challenge\\source\\models\\ConfigurationModel.ts","statementMap":{"0":{"start":{"line":2,"column":0},"end":{"line":2,"column":59}},"1":{"start":{"line":3,"column":0},"end":{"line":3,"column":70}},"2":{"start":{"line":4,"column":0},"end":{"line":4,"column":58}},"3":{"start":{"line":24,"column":36},"end":{"line":43,"column":1}},"4":{"start":{"line":28,"column":39},"end":{"line":40,"column":null}},"5":{"start":{"line":42,"column":2},"end":{"line":42,"column":23}},"6":{"start":{"line":24,"column":13},"end":{"line":24,"column":36}}},"fnMap":{"0":{"name":"(anonymous_0)","decl":{"start":{"line":24,"column":36},"end":{"line":24,"column":37}},"loc":{"start":{"line":24,"column":68},"end":{"line":43,"column":1}}}},"branchMap":{},"s":{"0":1,"1":1,"2":1,"3":1,"4":4,"5":4,"6":1},"f":{"0":4},"b":{}}
,"C:\\Users\\devloop\\Desktop\\challange-projects\\assetment-projects\\ist-coding-challenge\\source\\routers\\DummyRouter.ts": {"path":"C:\\Users\\devloop\\Desktop\\challange-projects\\assetment-projects\\ist-coding-challenge\\source\\routers\\DummyRouter.ts","statementMap":{"0":{"start":{"line":1,"column":0},"end":{"line":1,"column":33}},"1":{"start":{"line":2,"column":0},"end":{"line":2,"column":64}},"2":{"start":{"line":3,"column":0},"end":{"line":3,"column":83}},"3":{"start":{"line":8,"column":15},"end":{"line":27,"column":1}},"4":{"start":{"line":10,"column":32},"end":{"line":13,"column":4}},"5":{"start":{"line":14,"column":2},"end":{"line":14,"column":55}},"6":{"start":{"line":15,"column":2},"end":{"line":25,"column":4}},"7":{"start":{"line":18,"column":6},"end":{"line":23,"column":7}},"8":{"start":{"line":19,"column":24},"end":{"line":19,"column":66}},"9":{"start":{"line":20,"column":8},"end":{"line":20,"column":40}},"10":{"start":{"line":22,"column":8},"end":{"line":22,"column":18}},"11":{"start":{"line":26,"column":2},"end":{"line":26,"column":23}},"12":{"start":{"line":28,"column":0},"end":{"line":28,"column":22}}},"fnMap":{"0":{"name":"(anonymous_1)","decl":{"start":{"line":8,"column":15},"end":{"line":8,"column":16}},"loc":{"start":{"line":8,"column":56},"end":{"line":27,"column":1}}},"1":{"name":"(anonymous_2)","decl":{"start":{"line":17,"column":4},"end":{"line":17,"column":9}},"loc":{"start":{"line":17,"column":29},"end":{"line":24,"column":5}}}},"branchMap":{},"s":{"0":1,"1":1,"2":1,"3":1,"4":4,"5":4,"6":4,"7":1,"8":1,"9":1,"10":0,"11":4,"12":1},"f":{"0":4,"1":1},"b":{}}
,"C:\\Users\\devloop\\Desktop\\challange-projects\\assetment-projects\\ist-coding-challenge\\source\\services\\file.service.ts": {"path":"C:\\Users\\devloop\\Desktop\\challange-projects\\assetment-projects\\ist-coding-challenge\\source\\services\\file.service.ts","statementMap":{"0":{"start":{"line":1,"column":0},"end":{"line":1,"column":30}},"1":{"start":{"line":2,"column":0},"end":{"line":2,"column":37}},"2":{"start":{"line":15,"column":40},"end":{"line":15,"column":54}},"3":{"start":{"line":17,"column":34},"end":{"line":17,"column":99}},"4":{"start":{"line":22,"column":8},"end":{"line":30,"column":11}},"5":{"start":{"line":23,"column":12},"end":{"line":29,"column":15}},"6":{"start":{"line":24,"column":16},"end":{"line":28,"column":17}},"7":{"start":{"line":25,"column":20},"end":{"line":25,"column":32}},"8":{"start":{"line":27,"column":20},"end":{"line":27,"column":34}},"9":{"start":{"line":33,"column":8},"end":{"line":38,"column":9}},"10":{"start":{"line":34,"column":25},"end":{"line":34,"column":67}},"11":{"start":{"line":35,"column":12},"end":{"line":35,"column":49}},"12":{"start":{"line":37,"column":12},"end":{"line":37,"column":24}},"13":{"start":{"line":12,"column":0},"end":{"line":12,"column":13}}},"fnMap":{"0":{"name":"(anonymous_1)","decl":{"start":{"line":21,"column":11},"end":{"line":21,"column":16}},"loc":{"start":{"line":21,"column":47},"end":{"line":31,"column":5}}},"1":{"name":"(anonymous_2)","decl":{"start":{"line":22,"column":27},"end":{"line":22,"column":28}},"loc":{"start":{"line":22,"column":47},"end":{"line":30,"column":9}}},"2":{"name":"(anonymous_3)","decl":{"start":{"line":23,"column":39},"end":{"line":23,"column":40}},"loc":{"start":{"line":23,"column":66},"end":{"line":29,"column":13}}},"3":{"name":"(anonymous_4)","decl":{"start":{"line":32,"column":11},"end":{"line":32,"column":16}},"loc":{"start":{"line":32,"column":29},"end":{"line":39,"column":5}}}},"branchMap":{"0":{"loc":{"start":{"line":24,"column":16},"end":{"line":28,"column":17}},"type":"if","locations":[{"start":{"line":24,"column":16},"end":{"line":28,"column":17}},{"start":{"line":26,"column":23},"end":{"line":28,"column":17}}]}},"s":{"0":3,"1":3,"2":3,"3":3,"4":9,"5":9,"6":9,"7":1,"8":8,"9":8,"10":8,"11":7,"12":1,"13":3},"f":{"0":9,"1":9,"2":9,"3":8},"b":{"0":[1,8]}}
,"C:\\Users\\devloop\\Desktop\\challange-projects\\assetment-projects\\ist-coding-challenge\\source\\services\\validation-external-fetch.service.ts": {"path":"C:\\Users\\devloop\\Desktop\\challange-projects\\assetment-projects\\ist-coding-challenge\\source\\services\\validation-external-fetch.service.ts","statementMap":{"0":{"start":{"line":24,"column":34},"end":{"line":24,"column":105}},"1":{"start":{"line":38,"column":34},"end":{"line":44,"column":10}},"2":{"start":{"line":46,"column":25},"end":{"line":46,"column":79}},"3":{"start":{"line":48,"column":8},"end":{"line":48,"column":66}},"4":{"start":{"line":22,"column":0},"end":{"line":22,"column":13}}},"fnMap":{"0":{"name":"(anonymous_0)","decl":{"start":{"line":36,"column":4},"end":{"line":36,"column":9}},"loc":{"start":{"line":36,"column":47},"end":{"line":52,"column":5}}}},"branchMap":{},"s":{"0":2,"1":2,"2":2,"3":2,"4":2},"f":{"0":2},"b":{}}
,"C:\\Users\\devloop\\Desktop\\challange-projects\\assetment-projects\\ist-coding-challenge\\source\\services\\validation-external-req.service.ts": {"path":"C:\\Users\\devloop\\Desktop\\challange-projects\\assetment-projects\\ist-coding-challenge\\source\\services\\validation-external-req.service.ts","statementMap":{"0":{"start":{"line":2,"column":0},"end":{"line":2,"column":47}},"1":{"start":{"line":26,"column":34},"end":{"line":26,"column":48}},"2":{"start":{"line":31,"column":8},"end":{"line":31,"column":26}},"3":{"start":{"line":35,"column":8},"end":{"line":35,"column":27}},"4":{"start":{"line":39,"column":8},"end":{"line":39,"column":73}},"5":{"start":{"line":47,"column":8},"end":{"line":47,"column":82}},"6":{"start":{"line":47,"column":18},"end":{"line":47,"column":82}},"7":{"start":{"line":49,"column":24},"end":{"line":49,"column":50}},"8":{"start":{"line":52,"column":23},"end":{"line":75,"column":10}},"9":{"start":{"line":54,"column":28},"end":{"line":57,"column":null}},"10":{"start":{"line":59,"column":49},"end":{"line":64,"column":14}},"11":{"start":{"line":67,"column":33},"end":{"line":67,"column":111}},"12":{"start":{"line":67,"column":64},"end":{"line":67,"column":110}},"13":{"start":{"line":69,"column":12},"end":{"line":69,"column":107}},"14":{"start":{"line":69,"column":53},"end":{"line":69,"column":105}},"15":{"start":{"line":71,"column":12},"end":{"line":71,"column":40}},"16":{"start":{"line":73,"column":12},"end":{"line":73,"column":31}},"17":{"start":{"line":78,"column":8},"end":{"line":78,"column":22}},"18":{"start":{"line":82,"column":8},"end":{"line":107,"column":null}},"19":{"start":{"line":84,"column":12},"end":{"line":84,"column":37}},"20":{"start":{"line":86,"column":12},"end":{"line":86,"column":97}},"21":{"start":{"line":86,"column":40},"end":{"line":86,"column":97}},"22":{"start":{"line":88,"column":42},"end":{"line":88,"column":44}},"23":{"start":{"line":90,"column":12},"end":{"line":90,"column":null}},"24":{"start":{"line":90,"column":39},"end":{"line":90,"column":58}},"25":{"start":{"line":92,"column":12},"end":{"line":104,"column":null}},"26":{"start":{"line":93,"column":16},"end":{"line":102,"column":17}},"27":{"start":{"line":95,"column":20},"end":{"line":95,"column":84}},"28":{"start":{"line":99,"column":36},"end":{"line":99,"column":49}},"29":{"start":{"line":101,"column":20},"end":{"line":101,"column":null}},"30":{"start":{"line":106,"column":12},"end":{"line":106,"column":null}},"31":{"start":{"line":106,"column":44},"end":{"line":106,"column":91}},"32":{"start":{"line":24,"column":0},"end":{"line":24,"column":13}}},"fnMap":{"0":{"name":"(anonymous_0)","decl":{"start":{"line":30,"column":4},"end":{"line":30,"column":15}},"loc":{"start":{"line":30,"column":19},"end":{"line":32,"column":5}}},"1":{"name":"(anonymous_1)","decl":{"start":{"line":34,"column":4},"end":{"line":34,"column":15}},"loc":{"start":{"line":34,"column":25},"end":{"line":36,"column":5}}},"2":{"name":"(anonymous_2)","decl":{"start":{"line":38,"column":4},"end":{"line":38,"column":null}},"loc":{"start":{"line":38,"column":4},"end":{"line":40,"column":5}}},"3":{"name":"(anonymous_3)","decl":{"start":{"line":45,"column":4},"end":{"line":45,"column":9}},"loc":{"start":{"line":45,"column":49},"end":{"line":79,"column":5}}},"4":{"name":"(anonymous_4)","decl":{"start":{"line":52,"column":68},"end":{"line":52,"column":69}},"loc":{"start":{"line":52,"column":156},"end":{"line":75,"column":9}}},"5":{"name":"(anonymous_5)","decl":{"start":{"line":67,"column":55},"end":{"line":67,"column":56}},"loc":{"start":{"line":67,"column":64},"end":{"line":67,"column":110}}},"6":{"name":"(anonymous_6)","decl":{"start":{"line":69,"column":37},"end":{"line":69,"column":38}},"loc":{"start":{"line":69,"column":53},"end":{"line":69,"column":105}}},"7":{"name":"(anonymous_7)","decl":{"start":{"line":81,"column":12},"end":{"line":81,"column":31}},"loc":{"start":{"line":81,"column":115},"end":{"line":108,"column":5}}},"8":{"name":"(anonymous_8)","decl":{"start":{"line":82,"column":15},"end":{"line":82,"column":16}},"loc":{"start":{"line":82,"column":40},"end":{"line":107,"column":9}}},"9":{"name":"(anonymous_9)","decl":{"start":{"line":90,"column":27},"end":{"line":90,"column":28}},"loc":{"start":{"line":90,"column":39},"end":{"line":90,"column":58}}},"10":{"name":"(anonymous_10)","decl":{"start":{"line":92,"column":26},"end":{"line":92,"column":29}},"loc":{"start":{"line":92,"column":31},"end":{"line":104,"column":13}}},"11":{"name":"(anonymous_11)","decl":{"start":{"line":106,"column":28},"end":{"line":106,"column":29}},"loc":{"start":{"line":106,"column":44},"end":{"line":106,"column":91}}}},"branchMap":{"0":{"loc":{"start":{"line":47,"column":8},"end":{"line":47,"column":82}},"type":"if","locations":[{"start":{"line":47,"column":8},"end":{"line":47,"column":82}}]},"1":{"loc":{"start":{"line":86,"column":12},"end":{"line":86,"column":97}},"type":"if","locations":[{"start":{"line":86,"column":12},"end":{"line":86,"column":97}}]}},"s":{"0":2,"1":2,"2":2,"3":0,"4":3,"5":2,"6":0,"7":2,"8":2,"9":2,"10":2,"11":2,"12":2,"13":2,"14":0,"15":2,"16":2,"17":2,"18":2,"19":2,"20":2,"21":0,"22":2,"23":2,"24":2,"25":2,"26":2,"27":2,"28":0,"29":0,"30":2,"31":0,"32":2},"f":{"0":2,"1":0,"2":3,"3":2,"4":2,"5":2,"6":0,"7":2,"8":2,"9":2,"10":2,"11":0},"b":{"0":[0],"1":[0]}}
,"C:\\Users\\devloop\\Desktop\\challange-projects\\assetment-projects\\ist-coding-challenge\\source\\services\\validation-external.service.ts": {"path":"C:\\Users\\devloop\\Desktop\\challange-projects\\assetment-projects\\ist-coding-challenge\\source\\services\\validation-external.service.ts","statementMap":{"0":{"start":{"line":28,"column":24},"end":{"line":28,"column":86}},"1":{"start":{"line":28,"column":96},"end":{"line":28,"column":154}},"2":{"start":{"line":32,"column":8},"end":{"line":36,"column":9}},"3":{"start":{"line":33,"column":12},"end":{"line":33,"column":77}},"4":{"start":{"line":35,"column":12},"end":{"line":35,"column":77}},"5":{"start":{"line":25,"column":0},"end":{"line":25,"column":13}}},"fnMap":{"0":{"name":"(anonymous_0)","decl":{"start":{"line":28,"column":4},"end":{"line":28,"column":24}},"loc":{"start":{"line":28,"column":154},"end":{"line":28,"column":159}}},"1":{"name":"(anonymous_1)","decl":{"start":{"line":30,"column":4},"end":{"line":30,"column":9}},"loc":{"start":{"line":30,"column":42},"end":{"line":37,"column":5}}}},"branchMap":{"0":{"loc":{"start":{"line":32,"column":8},"end":{"line":36,"column":9}},"type":"if","locations":[{"start":{"line":32,"column":8},"end":{"line":36,"column":9}},{"start":{"line":34,"column":15},"end":{"line":36,"column":9}}]}},"s":{"0":1,"1":1,"2":1,"3":1,"4":0,"5":1},"f":{"0":1,"1":1},"b":{"0":[1,0]}}
,"C:\\Users\\devloop\\Desktop\\challange-projects\\assetment-projects\\ist-coding-challenge\\source\\services\\validation.service.ts": {"path":"C:\\Users\\devloop\\Desktop\\challange-projects\\assetment-projects\\ist-coding-challenge\\source\\services\\validation.service.ts","statementMap":{"0":{"start":{"line":14,"column":24},"end":{"line":14,"column":48}},"1":{"start":{"line":20,"column":8},"end":{"line":22,"column":9}},"2":{"start":{"line":21,"column":12},"end":{"line":21,"column":89}},"3":{"start":{"line":24,"column":8},"end":{"line":26,"column":9}},"4":{"start":{"line":25,"column":12},"end":{"line":25,"column":87}},"5":{"start":{"line":28,"column":29},"end":{"line":28,"column":66}},"6":{"start":{"line":30,"column":8},"end":{"line":32,"column":9}},"7":{"start":{"line":31,"column":12},"end":{"line":31,"column":96}},"8":{"start":{"line":34,"column":8},"end":{"line":36,"column":9}},"9":{"start":{"line":35,"column":12},"end":{"line":35,"column":77}},"10":{"start":{"line":38,"column":22},"end":{"line":38,"column":105}},"11":{"start":{"line":38,"column":51},"end":{"line":38,"column":104}},"12":{"start":{"line":40,"column":8},"end":{"line":42,"column":9}},"13":{"start":{"line":41,"column":12},"end":{"line":41,"column":103}},"14":{"start":{"line":44,"column":23},"end":{"line":44,"column":84}},"15":{"start":{"line":46,"column":8},"end":{"line":50,"column":9}},"16":{"start":{"line":47,"column":12},"end":{"line":47,"column":null}},"17":{"start":{"line":48,"column":12},"end":{"line":48,"column":144}},"18":{"start":{"line":53,"column":8},"end":{"line":53,"column":112}},"19":{"start":{"line":12,"column":0},"end":{"line":12,"column":13}}},"fnMap":{"0":{"name":"(anonymous_0)","decl":{"start":{"line":14,"column":4},"end":{"line":14,"column":24}},"loc":{"start":{"line":14,"column":48},"end":{"line":14,"column":53}}},"1":{"name":"(anonymous_1)","decl":{"start":{"line":18,"column":11},"end":{"line":18,"column":16}},"loc":{"start":{"line":18,"column":72},"end":{"line":57,"column":5}}},"2":{"name":"(anonymous_2)","decl":{"start":{"line":38,"column":40},"end":{"line":38,"column":47}},"loc":{"start":{"line":38,"column":51},"end":{"line":38,"column":104}}}},"branchMap":{"0":{"loc":{"start":{"line":20,"column":8},"end":{"line":22,"column":9}},"type":"if","locations":[{"start":{"line":20,"column":8},"end":{"line":22,"column":9}}]},"1":{"loc":{"start":{"line":20,"column":12},"end":{"line":20,"column":64}},"type":"binary-expr","locations":[{"start":{"line":20,"column":12},"end":{"line":20,"column":30}},{"start":{"line":20,"column":34},"end":{"line":20,"column":64}}]},"2":{"loc":{"start":{"line":24,"column":8},"end":{"line":26,"column":9}},"type":"if","locations":[{"start":{"line":24,"column":8},"end":{"line":26,"column":9}}]},"3":{"loc":{"start":{"line":30,"column":8},"end":{"line":32,"column":9}},"type":"if","locations":[{"start":{"line":30,"column":8},"end":{"line":32,"column":9}}]},"4":{"loc":{"start":{"line":30,"column":12},"end":{"line":30,"column":57}},"type":"binary-expr","locations":[{"start":{"line":30,"column":12},"end":{"line":30,"column":25}},{"start":{"line":30,"column":29},"end":{"line":30,"column":57}}]},"5":{"loc":{"start":{"line":34,"column":8},"end":{"line":36,"column":9}},"type":"if","locations":[{"start":{"line":34,"column":8},"end":{"line":36,"column":9}}]},"6":{"loc":{"start":{"line":40,"column":8},"end":{"line":42,"column":9}},"type":"if","locations":[{"start":{"line":40,"column":8},"end":{"line":42,"column":9}}]},"7":{"loc":{"start":{"line":46,"column":8},"end":{"line":50,"column":9}},"type":"if","locations":[{"start":{"line":46,"column":8},"end":{"line":50,"column":9}}]}},"s":{"0":17,"1":13,"2":2,"3":11,"4":2,"5":9,"6":8,"7":1,"8":7,"9":1,"10":6,"11":58,"12":6,"13":1,"14":5,"15":5,"16":3,"17":3,"18":2,"19":2},"f":{"0":17,"1":13,"2":58},"b":{"0":[2],"1":[13,12],"2":[2],"3":[1],"4":[8,7],"5":[1],"6":[1],"7":[3]}}
,"C:\\Users\\devloop\\Desktop\\challange-projects\\assetment-projects\\ist-coding-challenge\\source\\validations\\post-schema.ts": {"path":"C:\\Users\\devloop\\Desktop\\challange-projects\\assetment-projects\\ist-coding-challenge\\source\\validations\\post-schema.ts","statementMap":{"0":{"start":{"line":1,"column":0},"end":{"line":1,"column":24}},"1":{"start":{"line":8,"column":8},"end":{"line":13,"column":null}},"2":{"start":{"line":3,"column":0},"end":{"line":3,"column":13}}},"fnMap":{"0":{"name":"(anonymous_0)","decl":{"start":{"line":6,"column":4},"end":{"line":6,"column":25}},"loc":{"start":{"line":6,"column":25},"end":{"line":14,"column":5}}}},"branchMap":{},"s":{"0":1,"1":4,"2":1},"f":{"0":4},"b":{}}
}
