TN:
SF:source\services\file.service.ts
FN:17,(anonymous_1)
FN:18,(anonymous_2)
FN:19,(anonymous_3)
FN:28,(anonymous_4)
FNF:4
FNH:4
FNDA:8,(anonymous_1)
FNDA:8,(anonymous_2)
FNDA:8,(anonymous_3)
FNDA:7,(anonymous_4)
DA:1,2
DA:2,2
DA:11,2
DA:13,2
DA:18,8
DA:19,8
DA:20,8
DA:21,1
DA:23,7
DA:29,7
DA:30,7
DA:31,6
DA:33,1
LF:13
LH:13
BRDA:20,0,0,1
BRDA:20,0,1,7
BRF:2
BRH:2
end_of_record
TN:
SF:source\services\validation-external-fetch.service.ts
FN:36,(anonymous_0)
FNF:1
FNH:1
FNDA:2,(anonymous_0)
DA:22,2
DA:24,2
DA:38,2
DA:46,2
DA:48,2
LF:5
LH:5
BRF:0
BRH:0
end_of_record
TN:
SF:source\services\validation-external-req.service.ts
FN:30,(anonymous_0)
FN:34,(anonymous_1)
FN:38,(anonymous_2)
FN:45,(anonymous_3)
FN:52,(anonymous_4)
FN:67,(anonymous_5)
FN:69,(anonymous_6)
FN:81,(anonymous_7)
FN:82,(anonymous_8)
FN:90,(anonymous_9)
FN:92,(anonymous_10)
FN:106,(anonymous_11)
FNF:12
FNH:9
FNDA:2,(anonymous_0)
FNDA:0,(anonymous_1)
FNDA:3,(anonymous_2)
FNDA:2,(anonymous_3)
FNDA:2,(anonymous_4)
FNDA:2,(anonymous_5)
FNDA:0,(anonymous_6)
FNDA:2,(anonymous_7)
FNDA:2,(anonymous_8)
FNDA:2,(anonymous_9)
FNDA:2,(anonymous_10)
FNDA:0,(anonymous_11)
DA:2,2
DA:24,2
DA:26,2
DA:31,2
DA:35,0
DA:39,3
DA:47,2
DA:49,2
DA:52,2
DA:54,2
DA:59,2
DA:67,2
DA:69,2
DA:71,2
DA:73,2
DA:78,2
DA:82,2
DA:84,2
DA:86,2
DA:88,2
DA:90,2
DA:92,2
DA:93,2
DA:95,2
DA:99,0
DA:101,0
DA:106,2
LF:27
LH:24
BRDA:47,0,0,0
BRDA:86,1,0,0
BRF:2
BRH:0
end_of_record
TN:
SF:source\services\validation-external.service.ts
FN:28,(anonymous_0)
FN:30,(anonymous_1)
FNF:2
FNH:2
FNDA:1,(anonymous_0)
FNDA:1,(anonymous_1)
DA:25,1
DA:28,1
DA:32,1
DA:33,1
DA:35,0
LF:5
LH:4
BRDA:32,0,0,1
BRDA:32,0,1,0
BRF:2
BRH:1
end_of_record
TN:
SF:source\services\validation.service.ts
FN:14,(anonymous_0)
FN:18,(anonymous_1)
FN:38,(anonymous_2)
FNF:3
FNH:3
FNDA:13,(anonymous_0)
FNDA:12,(anonymous_1)
FNDA:51,(anonymous_2)
DA:12,1
DA:14,13
DA:20,12
DA:21,2
DA:24,10
DA:25,2
DA:28,8
DA:30,7
DA:31,1
DA:34,6
DA:35,1
DA:38,51
DA:40,5
DA:41,1
DA:44,4
DA:46,4
DA:47,2
DA:50,2
LF:18
LH:18
BRDA:20,0,0,2
BRDA:20,1,0,12
BRDA:20,1,1,11
BRDA:24,2,0,2
BRDA:30,3,0,1
BRDA:30,4,0,7
BRDA:30,4,1,6
BRDA:34,5,0,1
BRDA:40,6,0,1
BRDA:46,7,0,2
BRF:10
BRH:10
end_of_record
